<?xml version="1.0" encoding="UTF-8"?>
<testng-results ignored="0" total="1" passed="1" failed="0" skipped="0">
  <reporter-output>
  </reporter-output>
  <suite started-at="2022-05-29T06:10:40Z" name="Default suite" finished-at="2022-05-29T06:10:45Z" duration-ms="5377">
    <groups>
    </groups>
    <test started-at="2022-05-29T06:10:40Z" name="Default test" finished-at="2022-05-29T06:10:45Z" duration-ms="5377">
      <class name="apiChaining.EndToEndTest">
        <test-method signature="test1()[pri:0, instance:apiChaining.EndToEndTest@7fcf2fc1]" started-at="2022-05-29T06:10:40Z" name="test1" finished-at="2022-05-29T06:10:45Z" duration-ms="5339" status="PASS">
          <reporter-output>
          </reporter-output>
        </test-method> <!-- test1 -->
      </class> <!-- apiChaining.EndToEndTest -->
    </test> <!-- Default test -->
  </suite> <!-- Default suite -->
</testng-results>
